<?xml version="1.0" encoding="UTF-8"?>
<!-- Generated by org.testng.reporters.JUnitReportReporter -->
<testsuite hostname="DESKTOP-5EVK54D" failures="0" tests="1" name="uiappfeature.AmazonFailedTestRunner" time="20.939" errors="0" timestamp="2024-04-21T08:04:56 IST" skipped="0">
  <testcase classname="uiappfeature.AmazonFailedTestRunner" name="runScenario" time="20.939"/>
  <system-out/>
</testsuite> <!-- uiappfeature.AmazonFailedTestRunner -->
