<?xml version="1.0" encoding="UTF-8"?>
<!-- Generated by org.testng.reporters.JUnitReportReporter -->
<testsuite hostname="DESKTOP-5EVK54D" failures="0" tests="3" name="runner.CampaignRunner" time="0.605" errors="0" timestamp="2024-04-18T07:43:26 IST" skipped="0">
  <testcase classname="runner.CampaignRunner" name="runScenario" time="0.088"/>
  <system-out/>
  <testcase classname="runner.CampaignRunner" name="runScenario" time="0.440"/>
  <system-out/>
  <testcase classname="runner.CampaignRunner" name="runScenario" time="0.077"/>
  <system-out/>
</testsuite> <!-- runner.CampaignRunner -->
