<?xml version="1.0" encoding="UTF-8"?>
<!-- Generated by org.testng.reporters.JUnitReportReporter -->
<testsuite hostname="DESKTOP-5EVK54D" failures="0" tests="1" name="runner.RegistrationRunner" time="0.466" errors="0" timestamp="2024-04-16T07:24:32 IST" skipped="0">
  <testcase classname="runner.RegistrationRunner" name="runScenario" time="0.466"/>
  <system-out/>
</testsuite> <!-- runner.RegistrationRunner -->
