<?xml version="1.0" encoding="UTF-8"?>
<!-- Generated by org.testng.reporters.JUnitReportReporter -->
<testsuite hostname="DESKTOP-5EVK54D" failures="0" tests="3" name="runner.OrdersRunner" time="0.477" errors="0" timestamp="2024-04-12T07:26:13 IST" skipped="0">
  <testcase classname="runner.OrdersRunner" name="runScenario" time="0.048"/>
  <system-out/>
  <testcase classname="runner.OrdersRunner" name="runScenario" time="0.053"/>
  <system-out/>
  <testcase classname="runner.OrdersRunner" name="runScenario" time="0.376"/>
  <system-out/>
</testsuite> <!-- runner.OrdersRunner -->
