<?xml version="1.0" encoding="UTF-8"?>
<!-- Generated by org.testng.reporters.JUnitReportReporter -->
<testsuite hostname="DESKTOP-5EVK54D" failures="0" tests="1" name="runner.PlaceOrderRunner" time="0.482" errors="0" timestamp="2024-04-18T08:20:21 IST" skipped="0">
  <testcase classname="runner.PlaceOrderRunner" name="runScenario" time="0.482"/>
  <system-out/>
</testsuite> <!-- runner.PlaceOrderRunner -->
