<?xml version="1.0" encoding="UTF-8"?>
<!-- Generated by org.testng.reporters.JUnitReportReporter -->
<testsuite hostname="DESKTOP-5EVK54D" failures="0" tests="3" name="runner.ProfileRunner" time="0.751" errors="0" timestamp="2024-04-17T07:53:43 IST" skipped="0">
  <testcase classname="runner.ProfileRunner" name="runScenario" time="0.144"/>
  <system-out/>
  <testcase classname="runner.ProfileRunner" name="runScenario" time="0.519"/>
  <system-out/>
  <testcase classname="runner.ProfileRunner" name="runScenario" time="0.088"/>
  <system-out/>
</testsuite> <!-- runner.ProfileRunner -->
